\BOOKMARK [0][-]{chapter.1}{At The Begining of The Universe}{}% 1
\BOOKMARK [0][-]{chapter.2}{Preface}{}% 2
\BOOKMARK [1][-]{section.2.1}{Whatever}{chapter.2}% 3
\BOOKMARK [0][-]{chapter.3}{Fun}{}% 4
\BOOKMARK [1][-]{section.3.1}{Fun}{chapter.3}% 5
\BOOKMARK [0][-]{chapter.4}{Vocabulary}{}% 6
\BOOKMARK [1][-]{section.4.1}{Vocabulary}{chapter.4}% 7
\BOOKMARK [1][-]{section.4.2}{Basic}{chapter.4}% 8
\BOOKMARK [0][-]{chapter.5}{Mathematics}{}% 9
\BOOKMARK [1][-]{section.5.1}{Mathematics}{chapter.5}% 10
\BOOKMARK [1][-]{section.5.2}{Special Functions}{chapter.5}% 11
\BOOKMARK [1][-]{section.5.3}{Equation Solving}{chapter.5}% 12
\BOOKMARK [0][-]{chapter.6}{Fundamental Physics}{}% 13
\BOOKMARK [1][-]{section.6.1}{Classical Mechanics}{chapter.6}% 14
\BOOKMARK [1][-]{section.6.2}{Quantum Mechanics}{chapter.6}% 15
\BOOKMARK [1][-]{section.6.3}{Quantum Mechanics 2}{chapter.6}% 16
\BOOKMARK [1][-]{section.6.4}{Quantum Mechanics 3}{chapter.6}% 17
\BOOKMARK [1][-]{section.6.5}{Statistical Physics}{chapter.6}% 18
\BOOKMARK [1][-]{section.6.6}{Electrodynamics}{chapter.6}% 19
\BOOKMARK [0][-]{chapter.7}{Advanced Physics}{}% 20
\BOOKMARK [1][-]{section.7.1}{Special Relativity}{chapter.7}% 21
\BOOKMARK [1][-]{section.7.2}{General Relativity}{chapter.7}% 22
\BOOKMARK [0][-]{chapter.8}{Cutting Edge Physics}{}% 23
\BOOKMARK [1][-]{section.8.1}{Astrophysics}{chapter.8}% 24
\BOOKMARK [1][-]{section.8.2}{General Relativity Revisited}{chapter.8}% 25
\BOOKMARK [1][-]{section.8.3}{Cosmology}{chapter.8}% 26
\BOOKMARK [1][-]{section.8.4}{Quantum Optics}{chapter.8}% 27
\BOOKMARK [1][-]{section.8.5}{Super-Symmetric Quantum Mechanics}{chapter.8}% 28
\BOOKMARK [0][-]{chapter.9}{License}{}% 29
\BOOKMARK [0][-]{chapter.10}{DOI}{}% 30
