This is XeTeX, Version 3.1415926-2.2-0.9995.2 (Web2C 2009) (format=xelatex 2009.11.12)  14 NOV 2012 02:46
entering extended mode
 %&-line parsing enabled.
**Basic_Edit.tex
(./Basic_Edit.tex
LaTeX2e <2009/09/24>
Babel <v3.8l> and hyphenation patterns for english, usenglishmax, dumylang, noh
yphenation, pinyin, loaded.
(c:/TeXLive/current/texmf-dist/tex/latex/base/book.cls
Document Class: book 2007/10/19 v1.4h Standard LaTeX document class
(c:/TeXLive/current/texmf-dist/tex/latex/base/bk12.clo
File: bk12.clo 2007/10/19 v1.4h Standard LaTeX file (size option)
)
\c@part=\count80
\c@chapter=\count81
\c@section=\count82
\c@subsection=\count83
\c@subsubsection=\count84
\c@paragraph=\count85
\c@subparagraph=\count86
\c@figure=\count87
\c@table=\count88
\abovecaptionskip=\skip41
\belowcaptionskip=\skip42
\bibindent=\dimen102
)
(c:/TeXLive/current/texmf-dist/tex/latex/amscls/amsthm.sty
Package: amsthm 2004/08/06 v2.20
\thm@style=\toks14
\thm@bodyfont=\toks15
\thm@headfont=\toks16
\thm@notefont=\toks17
\thm@headpunct=\toks18
\thm@preskip=\skip43
\thm@postskip=\skip44
\thm@headsep=\skip45
\dth@everypar=\toks19
)
(c:/TeXLive/current/texmf-dist/tex/latex/amsfonts/amsfonts.sty
Package: amsfonts 2009/06/22 v3.00 Basic AMSFonts support
\@emptytoks=\toks20
\symAMSa=\mathgroup4
\symAMSb=\mathgroup5
LaTeX Font Info:    Overwriting math alphabet `\mathfrak' in version `bold'
(Font)                  U/euf/m/n --> U/euf/b/n on input line 96.
)
(c:/TeXLive/current/texmf-dist/tex/latex/amsfonts/amssymb.sty
Package: amssymb 2009/06/22 v3.00
)
(c:/TeXLive/current/texmf-dist/tex/latex/tools/bm.sty
Package: bm 2004/02/26 v1.1c Bold Symbol Support (DPC/FMi)
\symboldoperators=\mathgroup6
\symboldletters=\mathgroup7
\symboldsymbols=\mathgroup8
LaTeX Font Info:    Redeclaring math alphabet \mathbf on input line 138.
LaTeX Info: Redefining \bm on input line 204.
)
(c:/TeXLive/current/texmf-dist/tex/latex/amsmath/amsmath.sty
Package: amsmath 2000/07/18 v2.13 AMS math features
\@mathmargin=\skip46

For additional information on amsmath, use the `?' option.
(c:/TeXLive/current/texmf-dist/tex/latex/amsmath/amstext.sty
Package: amstext 2000/06/29 v2.01

(c:/TeXLive/current/texmf-dist/tex/latex/amsmath/amsgen.sty
File: amsgen.sty 1999/11/30 v2.0
\@emptytoks=\toks21
\ex@=\dimen103
))
(c:/TeXLive/current/texmf-dist/tex/latex/amsmath/amsbsy.sty
Package: amsbsy 1999/11/29 v1.2d
LaTeX Info: Redefining \boldsymbol on input line 54.
\pmbraise@=\dimen104
)
(c:/TeXLive/current/texmf-dist/tex/latex/amsmath/amsopn.sty
Package: amsopn 1999/12/14 v2.01 operator names
)
\inf@bad=\count89
LaTeX Info: Redefining \frac on input line 211.
\uproot@=\count90
\leftroot@=\count91
LaTeX Info: Redefining \overline on input line 307.
\classnum@=\count92
\DOTSCASE@=\count93
LaTeX Info: Redefining \ldots on input line 379.
LaTeX Info: Redefining \dots on input line 382.
LaTeX Info: Redefining \cdots on input line 467.
\Mathstrutbox@=\box26
\strutbox@=\box27
\big@size=\dimen105
LaTeX Font Info:    Redeclaring font encoding OML on input line 567.
LaTeX Font Info:    Redeclaring font encoding OMS on input line 568.
\macc@depth=\count94
\c@MaxMatrixCols=\count95
\dotsspace@=\muskip10
\c@parentequation=\count96
\dspbrk@lvl=\count97
\tag@help=\toks22
\row@=\count98
\column@=\count99
\maxfields@=\count100
\andhelp@=\toks23
\eqnshift@=\dimen106
\alignsep@=\dimen107
\tagshift@=\dimen108
\tagwidth@=\dimen109
\totwidth@=\dimen110
\lineht@=\dimen111
\@envbody=\toks24
\multlinegap=\skip47
\multlinetaggap=\skip48
\mathdisplay@stack=\toks25
LaTeX Info: Redefining \[ on input line 2666.
LaTeX Info: Redefining \] on input line 2667.
)
(c:/TeXLive/current/texmf-dist/tex/latex/jknapltx/mathrsfs.sty
Package: mathrsfs 1996/01/01 Math RSFS package v1.0 (jk)
\symrsfs=\mathgroup9
)
(c:/TeXLive/current/texmf-dist/tex/latex/tools/indentfirst.sty
Package: indentfirst 1995/11/23 v1.03 Indent first paragraph (DPC)
)
(c:/TeXLive/current/texmf-dist/tex/latex/tools/enumerate.sty
Package: enumerate 1999/03/05 v3.00 enumerate extensions (DPC)
\@enLab=\toks26
)
(c:/TeXLive/current/texmf-dist/tex/xelatex/fontspec/fontspec.sty
Package: fontspec 2008/08/09 v1.18 Advanced font selection for XeLaTeX

(c:/TeXLive/current/texmf-dist/tex/generic/ifxetex/ifxetex.sty
Package: ifxetex 2009/01/23 v0.5 Provides ifxetex conditional
)
\c@zf@newff=\count101
\c@zf@index=\count102
\c@zf@script=\count103
\c@zf@language=\count104

(c:/TeXLive/current/texmf-dist/tex/latex/tools/calc.sty
Package: calc 2007/08/22 v4.3 Infix arithmetic (KKT,FJ)
\calc@Acount=\count105
\calc@Bcount=\count106
\calc@Adimen=\dimen112
\calc@Bdimen=\dimen113
\calc@Askip=\skip49
\calc@Bskip=\skip50
LaTeX Info: Redefining \setlength on input line 76.
LaTeX Info: Redefining \addtolength on input line 77.
\calc@Ccount=\count107
\calc@Cskip=\skip51
)
(c:/TeXLive/current/texmf-dist/tex/latex/xkeyval/xkeyval.sty
Package: xkeyval 2008/08/13 v2.6a package option processing (HA)

(c:/TeXLive/current/texmf-dist/tex/generic/xkeyval/xkeyval.tex
\XKV@toks=\toks27
\XKV@tempa@toks=\toks28
\XKV@depth=\count108
File: xkeyval.tex 2008/08/13 v2.6a key=value parser (HA)

(c:/TeXLive/current/texmf-dist/tex/generic/xkeyval/keyval.tex)))
LaTeX Info: Redefining \itshape on input line 1163.
LaTeX Info: Redefining \slshape on input line 1166.
LaTeX Info: Redefining \scshape on input line 1169.
LaTeX Info: Redefining \upshape on input line 1172.

fontspec.cfg loaded.
(c:/TeXLive/current/texmf-dist/tex/xelatex/fontspec/fontspec.cfg))
(c:/TeXLive/current/texmf-dist/tex/xelatex/xunicode/xunicode.sty
File: xunicode.sty 2008/02/08 v0.91 provides access to latin accents and many o
ther characters in Unicode lower plane
)
\c@zf@famc@Arial=\count109
Package fontspec Info: Defining font family for 'Arial' with options [] on inpu
t line 33.

(c:/TeXLive/current/texmf-dist/tex/latex/graphics/graphicx.sty
Package: graphicx 1999/02/16 v1.0f Enhanced LaTeX Graphics (DPC,SPQR)

(c:/TeXLive/current/texmf-dist/tex/latex/graphics/graphics.sty
Package: graphics 2009/02/05 v1.0o Standard LaTeX Graphics (DPC,SPQR)

(c:/TeXLive/current/texmf-dist/tex/latex/graphics/trig.sty
Package: trig 1999/03/16 v1.09 sin cos tan (DPC)
)
(c:/TeXLive/current/texmf-dist/tex/latex/latexconfig/graphics.cfg
File: graphics.cfg 2009/08/28 v1.8 graphics configuration of TeX Live
)
Package graphics Info: Driver file: xetex.def on input line 91.

(c:/TeXLive/current/texmf-dist/tex/xelatex/xetex-def/xetex.def
File: xetex.def 2009/11/22 v0.94 LaTeX color/graphics driver for XeTeX (RRM/JK)

))
\Gin@req@height=\dimen114
\Gin@req@width=\dimen115
)
(./Basic_Edit.aux)
\openout1 = `Basic_Edit.aux'.

LaTeX Font Info:    Checking defaults for OML/cmm/m/it on input line 63.
LaTeX Font Info:    ... okay on input line 63.
LaTeX Font Info:    Checking defaults for T1/cmr/m/n on input line 63.
LaTeX Font Info:    ... okay on input line 63.
LaTeX Font Info:    Checking defaults for OT1/cmr/m/n on input line 63.
LaTeX Font Info:    ... okay on input line 63.
LaTeX Font Info:    Checking defaults for OMS/cmsy/m/n on input line 63.
LaTeX Font Info:    ... okay on input line 63.
LaTeX Font Info:    Checking defaults for OMX/cmex/m/n on input line 63.
LaTeX Font Info:    ... okay on input line 63.
LaTeX Font Info:    Checking defaults for U/cmr/m/n on input line 63.
LaTeX Font Info:    ... okay on input line 63.
Package fontspec Info: Adjusting the maths setup (use [no-math] to avoid this).
 on input line 63.
\symlegacymaths=\mathgroup10
LaTeX Font Info:    Overwriting symbol font `legacymaths' in version `bold'
(Font)                  OT1/cmr/m/n --> OT1/cmr/bx/n on input line 63.
LaTeX Font Info:    Redeclaring math accent \acute on input line 63.
LaTeX Font Info:    Redeclaring math accent \grave on input line 63.
LaTeX Font Info:    Redeclaring math accent \ddot on input line 63.
LaTeX Font Info:    Redeclaring math accent \tilde on input line 63.
LaTeX Font Info:    Redeclaring math accent \bar on input line 63.
LaTeX Font Info:    Redeclaring math accent \breve on input line 63.
LaTeX Font Info:    Redeclaring math accent \check on input line 63.
LaTeX Font Info:    Redeclaring math accent \hat on input line 63.
LaTeX Font Info:    Redeclaring math accent \dot on input line 63.
LaTeX Font Info:    Redeclaring math accent \mathring on input line 63.
LaTeX Font Info:    Redeclaring math symbol \Gamma on input line 63.
LaTeX Font Info:    Redeclaring math symbol \Delta on input line 63.
LaTeX Font Info:    Redeclaring math symbol \Theta on input line 63.
LaTeX Font Info:    Redeclaring math symbol \Lambda on input line 63.
LaTeX Font Info:    Redeclaring math symbol \Xi on input line 63.
LaTeX Font Info:    Redeclaring math symbol \Pi on input line 63.
LaTeX Font Info:    Redeclaring math symbol \Sigma on input line 63.
LaTeX Font Info:    Redeclaring math symbol \Upsilon on input line 63.
LaTeX Font Info:    Redeclaring math symbol \Phi on input line 63.
LaTeX Font Info:    Redeclaring math symbol \Psi on input line 63.
LaTeX Font Info:    Redeclaring math symbol \Omega on input line 63.
LaTeX Font Info:    Redeclaring math symbol \mathdollar on input line 63.
LaTeX Font Info:    Redeclaring symbol font `operators' on input line 63.
LaTeX Font Info:    Encoding `OT1' has changed to `U' for symbol font
(Font)              `operators' in the math version `normal' on input line 63.
LaTeX Font Info:    Overwriting symbol font `operators' in version `normal'
(Font)                  OT1/cmr/m/n --> U/Arial(0)/m/n on input line 63.
LaTeX Font Info:    Encoding `OT1' has changed to `U' for symbol font
(Font)              `operators' in the math version `bold' on input line 63.
LaTeX Font Info:    Overwriting symbol font `operators' in version `bold'
(Font)                  OT1/cmr/bx/n --> U/Arial(0)/m/n on input line 63.
LaTeX Font Info:    Overwriting symbol font `operators' in version `normal'
(Font)                  U/Arial(0)/m/n --> U/Arial(0)/m/n on input line 63.
LaTeX Font Info:    Overwriting math alphabet `\mathrm' in version `normal'
(Font)                  U/Arial(0)/m/n --> U/Arial(0)/m/n on input line 63.
LaTeX Font Info:    Overwriting math alphabet `\mathit' in version `normal'
(Font)                  OT1/cmr/m/it --> U/Arial(0)/m/it on input line 63.
LaTeX Font Info:    Overwriting math alphabet `\mathbf' in version `normal'
(Font)                  OT1/cmr/bx/n --> U/Arial(0)/bx/n on input line 63.
LaTeX Font Info:    Overwriting math alphabet `\mathsf' in version `normal'
(Font)                  OT1/cmss/m/n --> U/cmss/m/n on input line 63.
LaTeX Font Info:    Overwriting math alphabet `\mathtt' in version `normal'
(Font)                  OT1/cmtt/m/n --> U/cmtt/m/n on input line 63.
LaTeX Font Info:    Overwriting symbol font `operators' in version `bold'
(Font)                  U/Arial(0)/m/n --> U/Arial(0)/bx/n on input line 63.
LaTeX Font Info:    Overwriting math alphabet `\mathrm' in version `bold'
(Font)                  U/Arial(0)/m/n --> U/Arial(0)/bx/n on input line 63.
LaTeX Font Info:    Overwriting math alphabet `\mathit' in version `bold'
(Font)                  OT1/cmr/bx/it --> U/Arial(0)/bx/it on input line 63.
LaTeX Font Info:    Overwriting math alphabet `\mathsf' in version `bold'
(Font)                  OT1/cmss/bx/n --> U/cmss/bx/n on input line 63.
LaTeX Font Info:    Overwriting math alphabet `\mathtt' in version `bold'
(Font)                  OT1/cmtt/m/n --> U/cmtt/bx/n on input line 63.
LaTeX Font Info:    Try loading font information for U+msa on input line 70.
 (c:/TeXLive/current/texmf-dist/tex/latex/amsfonts/umsa.fd
File: umsa.fd 2009/06/22 v3.00 AMS symbols A
)
LaTeX Font Info:    Try loading font information for U+msb on input line 70.

(c:/TeXLive/current/texmf-dist/tex/latex/amsfonts/umsb.fd
File: umsb.fd 2009/06/22 v3.00 AMS symbols B
)
LaTeX Font Info:    Try loading font information for U+rsfs on input line 70.

(c:/TeXLive/current/texmf-dist/tex/latex/jknapltx/ursfs.fd
File: ursfs.fd 1998/03/24 rsfs font definition file (jk)
) [1


]
LaTeX Font Info:    Font shape `U/Arial(0)/m/sl' in size <12> not available
(Font)              Font shape `U/Arial(0)/m/it' tried instead on input line 16
4.
 [2] [3]
[4

]
Chapter 1.
[5] [6] [7] [8

]
Chapter 2.
[9] [10] [11] [12]
Overfull \hbox (34.07991pt too wide) in paragraph at lines 436--440
\OT1/cmr/m/n/12 10[]$\U/Arial(0)/m/n/12 ; Infrared $\OT1/cmr/m/n/12 10[]$\U/Ari
al(0)/m/n/12 ; visible 700-900 nm ($\OT1/cmr/m/n/12 10[]$\U/Arial(0)/m/n/12 ); 
UV $\OT1/cmr/m/n/12 10[]$\U/Arial(0)/m/n/12 (molecules); X-ray $\OT1/cmr/m/n/12
 10[]$\U/Arial(0)/m/n/12 (atoms);
 []

[13] [14]
Chapter 3.
[15

] [16] [17] [18] (./Basic_Edit.aux) ) 
Here is how much of TeX's memory you used:
 5753 strings out of 495713
 86838 string characters out of 3188646
 167909 words of memory out of 3000000
 8822 multiletter control sequences out of 15000+200000
 17572 words of font info for 88 fonts, out of 3000000 for 9000
 28 hyphenation exceptions out of 8191
 27i,16n,27p,442b,276s stack positions out of 5000i,500n,10000p,200000b,50000s

Output written on Basic_Edit.pdf (18 pages).
